2021-05-27 17:15:13,891 INFO (StartupInfoLogger.java:55)- Starting DemoApplication using Java 1.8.0_261 on LAPTOP-UKFMF2TV with PID 21648 (D:\code\demo\target\classes started by 18595 in D:\code\demo)
2021-05-27 17:15:13,905 DEBUG (StartupInfoLogger.java:56)- Running with Spring Boot v2.4.2, Spring v5.3.3
2021-05-27 17:15:13,906 INFO (SpringApplication.java:660)- No active profile set, falling back to default profiles: default
2021-05-27 17:15:15,959 INFO (StartupInfoLogger.java:61)- Started DemoApplication in 2.51 seconds (JVM running for 3.187)
2021-05-27 17:17:51,373 INFO (PlaceController.java:49)- ------------根据省份信息获取该省份的所有城市信息------------
2021-05-27 17:17:51,373 INFO (PlaceController.java:50)- 省份id:null
2021-05-27 17:19:48,826 INFO (StartupInfoLogger.java:55)- Starting DemoApplication using Java 1.8.0_261 on LAPTOP-UKFMF2TV with PID 48812 (D:\code\demo\target\classes started by 18595 in D:\code\demo)
2021-05-27 17:19:48,828 DEBUG (StartupInfoLogger.java:56)- Running with Spring Boot v2.4.2, Spring v5.3.3
2021-05-27 17:19:48,829 INFO (SpringApplication.java:660)- No active profile set, falling back to default profiles: default
2021-05-27 17:19:50,762 INFO (StartupInfoLogger.java:61)- Started DemoApplication in 2.299 seconds (JVM running for 2.908)
2021-05-27 17:19:54,636 INFO (PlaceController.java:50)- ------------根据省份信息获取该省份的所有城市信息------------
2021-05-27 17:19:54,636 INFO (PlaceController.java:51)- 省份id:{"father":"130000"}
2021-05-27 17:19:55,604 DEBUG (BaseJdbcLogger.java:159)- ==>  Preparing: SELECT cid,city,city_id,father FROM hat_city WHERE ( father = ? ) 
2021-05-27 17:19:55,621 DEBUG (BaseJdbcLogger.java:159)- ==> Parameters: {"father":"130000"}(String)
2021-05-27 17:19:55,672 DEBUG (BaseJdbcLogger.java:159)- <==      Total: 0
2021-05-27 17:21:03,421 INFO (PlaceController.java:50)- ------------根据省份信息获取该省份的所有城市信息------------
2021-05-27 17:21:03,421 INFO (PlaceController.java:51)- 省份id:{"father": "130000"}
2021-05-27 17:21:03,464 DEBUG (BaseJdbcLogger.java:159)- ==>  Preparing: SELECT cid,city,city_id,father FROM hat_city WHERE ( father = ? ) 
2021-05-27 17:21:03,465 DEBUG (BaseJdbcLogger.java:159)- ==> Parameters: {"father": "130000"}(String)
2021-05-27 17:21:03,504 DEBUG (BaseJdbcLogger.java:159)- <==      Total: 0
2021-05-27 17:22:23,098 INFO (StartupInfoLogger.java:55)- Starting DemoApplication using Java 1.8.0_261 on LAPTOP-UKFMF2TV with PID 51640 (D:\code\demo\target\classes started by 18595 in D:\code\demo)
2021-05-27 17:22:23,100 DEBUG (StartupInfoLogger.java:56)- Running with Spring Boot v2.4.2, Spring v5.3.3
2021-05-27 17:22:23,101 INFO (SpringApplication.java:660)- No active profile set, falling back to default profiles: default
2021-05-27 17:22:24,961 INFO (StartupInfoLogger.java:61)- Started DemoApplication in 2.231 seconds (JVM running for 2.843)
2021-05-27 17:22:33,465 INFO (PlaceController.java:51)- ------------根据省份信息获取该省份的所有城市信息------------
2021-05-27 17:22:33,465 INFO (PlaceController.java:52)- 省份id:{"father":"130000"}
2021-05-27 17:22:34,509 DEBUG (BaseJdbcLogger.java:159)- ==>  Preparing: SELECT cid,city,city_id,father FROM hat_city WHERE ( father = ? ) 
2021-05-27 17:22:34,525 DEBUG (BaseJdbcLogger.java:159)- ==> Parameters: {"father":"130000"}(JSONObject)
2021-05-27 17:22:34,580 DEBUG (BaseJdbcLogger.java:159)- <==      Total: 0
2021-05-27 17:24:34,759 INFO (PlaceController.java:51)- ------------根据省份信息获取该省份的所有城市信息------------
2021-05-27 17:24:34,760 INFO (PlaceController.java:52)- 省份id:{"father":"130000"}
2021-05-27 17:24:34,805 DEBUG (BaseJdbcLogger.java:159)- ==>  Preparing: SELECT cid,city,city_id,father FROM hat_city WHERE ( father = ? ) 
2021-05-27 17:24:34,805 DEBUG (BaseJdbcLogger.java:159)- ==> Parameters: {"father":"130000"}(JSONObject)
2021-05-27 17:24:34,846 DEBUG (BaseJdbcLogger.java:159)- <==      Total: 0
2021-05-27 17:24:36,775 INFO (PlaceController.java:51)- ------------根据省份信息获取该省份的所有城市信息------------
2021-05-27 17:24:36,775 INFO (PlaceController.java:52)- 省份id:{"father":"130000"}
2021-05-27 17:24:36,776 DEBUG (BaseJdbcLogger.java:159)- ==>  Preparing: SELECT cid,city,city_id,father FROM hat_city WHERE ( father = ? ) 
2021-05-27 17:24:36,777 DEBUG (BaseJdbcLogger.java:159)- ==> Parameters: {"father":"130000"}(JSONObject)
2021-05-27 17:24:36,823 DEBUG (BaseJdbcLogger.java:159)- <==      Total: 0
2021-05-27 17:24:51,554 INFO (StartupInfoLogger.java:55)- Starting DemoApplication using Java 1.8.0_261 on LAPTOP-UKFMF2TV with PID 55168 (D:\code\demo\target\classes started by 18595 in D:\code\demo)
2021-05-27 17:24:51,556 DEBUG (StartupInfoLogger.java:56)- Running with Spring Boot v2.4.2, Spring v5.3.3
2021-05-27 17:24:51,557 INFO (SpringApplication.java:660)- No active profile set, falling back to default profiles: default
2021-05-27 17:24:53,416 INFO (StartupInfoLogger.java:61)- Started DemoApplication in 2.229 seconds (JVM running for 2.833)
2021-05-27 17:24:57,363 INFO (PlaceController.java:51)- ------------根据省份信息获取该省份的所有城市信息------------
2021-05-27 17:24:57,364 INFO (PlaceController.java:52)- 前端传至后台时的参数:{"father":"130000"}
2021-05-27 17:24:58,342 DEBUG (BaseJdbcLogger.java:159)- ==>  Preparing: SELECT cid,city,city_id,father FROM hat_city WHERE ( father = ? ) 
2021-05-27 17:24:58,357 DEBUG (BaseJdbcLogger.java:159)- ==> Parameters: 130000(String)
2021-05-27 17:24:58,411 DEBUG (BaseJdbcLogger.java:159)- <==      Total: 11
2021-05-27 17:25:58,062 INFO (PlaceController.java:51)- ------------根据省份信息获取该省份的所有城市信息------------
2021-05-27 17:25:58,062 INFO (PlaceController.java:52)- 前端传至后台时的参数:{"father":"110000"}
2021-05-27 17:25:58,063 DEBUG (BaseJdbcLogger.java:159)- ==>  Preparing: SELECT cid,city,city_id,father FROM hat_city WHERE ( father = ? ) 
2021-05-27 17:25:58,064 DEBUG (BaseJdbcLogger.java:159)- ==> Parameters: 110000(String)
2021-05-27 17:25:58,104 DEBUG (BaseJdbcLogger.java:159)- <==      Total: 2
2021-05-27 18:26:45,127 INFO (PlaceController.java:51)- ------------根据省份信息获取该省份的所有城市信息------------
2021-05-27 18:26:45,130 INFO (PlaceController.java:52)- 前端传至后台时的参数:{"flag":"area","father":"110100"}
2021-05-27 18:26:45,738 DEBUG (BaseJdbcLogger.java:159)- ==>  Preparing: SELECT cid,city,city_id,father FROM hat_city WHERE ( father = ? ) 
2021-05-27 18:26:45,739 DEBUG (BaseJdbcLogger.java:159)- ==> Parameters: 110100(String)
2021-05-27 18:26:45,782 DEBUG (BaseJdbcLogger.java:159)- <==      Total: 0
2021-05-27 18:27:22,035 INFO (PlaceController.java:51)- ------------根据省份信息获取该省份的所有城市信息------------
2021-05-27 18:27:22,035 INFO (PlaceController.java:52)- 前端传至后台时的参数:{"flag":"area","father":"110100"}
2021-05-27 18:27:22,036 DEBUG (BaseJdbcLogger.java:159)- ==>  Preparing: SELECT cid,city,city_id,father FROM hat_city WHERE ( father = ? ) 
2021-05-27 18:27:22,036 DEBUG (BaseJdbcLogger.java:159)- ==> Parameters: 110100(String)
2021-05-27 18:27:22,080 DEBUG (BaseJdbcLogger.java:159)- <==      Total: 0
2021-05-27 18:27:37,091 INFO (PlaceController.java:51)- ------------根据省份信息获取该省份的所有城市信息------------
2021-05-27 18:27:37,092 INFO (PlaceController.java:52)- 前端传至后台时的参数:{"flag":"area","father":"110100"}
2021-05-27 18:27:37,092 DEBUG (BaseJdbcLogger.java:159)- ==>  Preparing: SELECT cid,city,city_id,father FROM hat_city WHERE ( father = ? ) 
2021-05-27 18:27:37,093 DEBUG (BaseJdbcLogger.java:159)- ==> Parameters: 110100(String)
2021-05-27 18:27:37,133 DEBUG (BaseJdbcLogger.java:159)- <==      Total: 0
2021-05-27 18:31:18,006 INFO (StartupInfoLogger.java:55)- Starting DemoApplication using Java 1.8.0_261 on LAPTOP-UKFMF2TV with PID 18136 (D:\code\demo\target\classes started by 18595 in D:\code\demo)
2021-05-27 18:31:18,009 DEBUG (StartupInfoLogger.java:56)- Running with Spring Boot v2.4.2, Spring v5.3.3
2021-05-27 18:31:18,010 INFO (SpringApplication.java:660)- No active profile set, falling back to default profiles: default
2021-05-27 18:31:20,004 INFO (StartupInfoLogger.java:61)- Started DemoApplication in 2.381 seconds (JVM running for 3.01)
2021-05-27 18:31:35,093 INFO (PlaceController.java:54)- ------------根据省份信息获取该省份的所有城市信息------------
2021-05-27 18:31:35,093 INFO (PlaceController.java:55)- 前端传至后台时的参数:{"father":"110100"}
2021-05-27 18:31:36,012 DEBUG (BaseJdbcLogger.java:159)- ==>  Preparing: SELECT cid,city,city_id,father FROM hat_city WHERE ( father = ? ) 
2021-05-27 18:31:36,028 DEBUG (BaseJdbcLogger.java:159)- ==> Parameters: 110100(String)
2021-05-27 18:31:36,074 DEBUG (BaseJdbcLogger.java:159)- <==      Total: 0
2021-05-27 18:31:42,723 INFO (PlaceController.java:54)- ------------根据省份信息获取该省份的所有城市信息------------
2021-05-27 18:31:42,723 INFO (PlaceController.java:55)- 前端传至后台时的参数:{"father":"110000"}
2021-05-27 18:31:42,725 DEBUG (BaseJdbcLogger.java:159)- ==>  Preparing: SELECT cid,city,city_id,father FROM hat_city WHERE ( father = ? ) 
2021-05-27 18:31:42,725 DEBUG (BaseJdbcLogger.java:159)- ==> Parameters: 110000(String)
2021-05-27 18:31:42,793 DEBUG (BaseJdbcLogger.java:159)- <==      Total: 2
2021-05-27 23:55:39,598 INFO (StartupInfoLogger.java:55)- Starting DemoApplication using Java 1.8.0_261 on DESKTOP-5T8RHTO with PID 4184 (F:\codes\demo\target\classes started by HP in F:\codes\demo)
2021-05-27 23:55:39,602 DEBUG (StartupInfoLogger.java:56)- Running with Spring Boot v2.4.2, Spring v5.3.3
2021-05-27 23:55:39,602 INFO (SpringApplication.java:660)- No active profile set, falling back to default profiles: default
2021-05-27 23:55:44,310 INFO (StartupInfoLogger.java:61)- Started DemoApplication in 5.507 seconds (JVM running for 7.849)
2021-05-27 23:56:09,927 INFO (StartupInfoLogger.java:55)- Starting DemoApplication using Java 1.8.0_261 on DESKTOP-5T8RHTO with PID 4736 (F:\codes\demo\target\classes started by HP in F:\codes\demo)
2021-05-27 23:56:09,931 DEBUG (StartupInfoLogger.java:56)- Running with Spring Boot v2.4.2, Spring v5.3.3
2021-05-27 23:56:09,931 INFO (SpringApplication.java:660)- No active profile set, falling back to default profiles: default
2021-05-27 23:56:12,256 INFO (StartupInfoLogger.java:61)- Started DemoApplication in 2.916 seconds (JVM running for 3.9)
